2024-12-13 17:15:50 ERROR com.datacolumnoperate.ColumnOperate - Configuration file path is missing.
2024-12-13 17:17:16 ERROR com.datacolumnoperate.ColumnOperate - Configuration file path is missing.
2024-12-13 17:18:13 ERROR com.datacolumnoperate.ColumnOperate - Configuration file path is missing.
2024-12-19 14:33:56 INFO  com.datacolumnoperate.ColumnOperate - Loading configuration from resources/config.json
2024-12-19 14:33:56 ERROR com.datacolumnoperate.ColumnOperate - An error occurred during file processing.
java.io.IOException: Config file does not exist at path: resources/config.json
	at com.datacolumnoperate.utils.JsonConfigParser.parse(JsonConfigParser.java:18) ~[classes/:?]
	at com.datacolumnoperate.ColumnOperate.main(ColumnOperate.java:47) [classes/:?]
2024-12-19 14:37:01 INFO  com.datacolumnoperate.ColumnOperate - Loading configuration from E:\IdeaProjects\Athana\textOperate\src\main\resources\config.json
2024-12-19 14:37:02 INFO  com.datacolumnoperate.ColumnOperate - Configuration loaded: Config{inputFile='E:\IdeaProjects\Athana\textOperate\src\main\data\input.txt', outputFile='E:\IdeaProjects\Athana\textOperate\src\main\data\output.txt', inputDelimiter=',', outputDelimiter='|', columns=[ColumnOperationConfig{columnIndex=2, operations=[OperationConfig{type=ENCRYPT, params={method=AES, key=1234567890abcdef}}, OperationConfig{type=HASH, params={algorithm=SHA-256}}]}, ColumnOperationConfig{columnIndex=4, operations=[OperationConfig{type=REGEX_REPLACE, params={regex=\d{3}-\d{4}, replacement=****-****}}]}, ColumnOperationConfig{columnIndex=5, operations=[OperationConfig{type=TIME_CONVERT, params={inputFormat=yyyyMMddHHmmss, outputFormat=MS}}]}]}
2024-12-19 14:37:26 INFO  com.datacolumnoperate.utils.FileProcessor - Starting file processing: E:\IdeaProjects\Athana\textOperate\src\main\data\input.txt -> E:\IdeaProjects\Athana\textOperate\src\main\data\output.txt
2024-12-19 14:37:39 WARN  com.datacolumnoperate.utils.FileProcessor - Line 1: Column index 5 is out of bounds for line: 111,1234567890,123455667789,1234567890,20241213170320
2024-12-19 14:37:39 INFO  com.datacolumnoperate.utils.FileProcessor - File processing completed. Total lines processed: 1
2024-12-19 14:37:39 INFO  com.datacolumnoperate.ColumnOperate - File processing completed successfully.
2024-12-19 14:42:51 INFO  com.datacolumnoperate.ColumnOperate - Loading configuration from E:\IdeaProjects\Athana\textOperate\src\main\resources\config.json
2024-12-19 14:42:51 INFO  com.datacolumnoperate.ColumnOperate - Configuration loaded: Config{inputFile='E:\IdeaProjects\Athana\textOperate\src\main\data\input.txt', outputFile='E:\IdeaProjects\Athana\textOperate\src\main\data\output.txt', inputDelimiter=',', outputDelimiter='|', columns=[ColumnOperationConfig{columnIndex=3, operations=[OperationConfig{type=ENCRYPT, params={method=AES, key=1234567890abcdef}}]}, ColumnOperationConfig{columnIndex=2, operations=[OperationConfig{type=REGEX_REPLACE, params={regex=\d{3}-\d{4}, replacement=****-****}}]}, ColumnOperationConfig{columnIndex=4, operations=[OperationConfig{type=TIME_CONVERT, params={inputFormat=yyyyMMddHHmmss, outputFormat=MS}}]}]}
2024-12-19 14:42:52 INFO  com.datacolumnoperate.utils.FileProcessor - Starting file processing: E:\IdeaProjects\Athana\textOperate\src\main\data\input.txt -> E:\IdeaProjects\Athana\textOperate\src\main\data\output.txt
2024-12-19 14:42:55 INFO  com.datacolumnoperate.utils.FileProcessor - File processing completed. Total lines processed: 1
2024-12-19 14:42:55 INFO  com.datacolumnoperate.ColumnOperate - File processing completed successfully.
2024-12-19 14:45:43 INFO  com.datacolumnoperate.ColumnOperate - Loading configuration from E:\IdeaProjects\Athana\textOperate\src\main\resources\config.json
2024-12-19 14:45:43 INFO  com.datacolumnoperate.ColumnOperate - Configuration loaded: Config{inputFile='E:\IdeaProjects\Athana\textOperate\src\main\data\input.txt', outputFile='E:\IdeaProjects\Athana\textOperate\src\main\data\output.txt', inputDelimiter=',', outputDelimiter='|', columns=[ColumnOperationConfig{columnIndex=3, operations=[OperationConfig{type=ENCRYPT, params={method=AES, key=1234567890abcdef}}]}, ColumnOperationConfig{columnIndex=2, operations=[OperationConfig{type=REGEX_REPLACE, params={regex=\d{3}-\d{4}, replacement=****-****}}]}, ColumnOperationConfig{columnIndex=4, operations=[OperationConfig{type=TIME_CONVERT, params={inputFormat=yyyyMMddHHmmss, outputFormat=MS}}]}]}
2024-12-19 14:45:44 INFO  com.datacolumnoperate.utils.FileProcessor - Starting file processing: E:\IdeaProjects\Athana\textOperate\src\main\data\input.txt -> E:\IdeaProjects\Athana\textOperate\src\main\data\output.txt
2024-12-19 14:45:46 INFO  com.datacolumnoperate.utils.FileProcessor - File processing completed. Total lines processed: 1
2024-12-19 14:45:46 INFO  com.datacolumnoperate.ColumnOperate - File processing completed successfully.
2024-12-19 15:31:35 INFO  com.datacolumnoperate.ColumnOperate - Loading configuration from E:\IdeaProjects\Athana\textOperate\src\main\resources\config.json
2024-12-19 15:31:35 INFO  com.datacolumnoperate.ColumnOperate - Configuration loaded: Config{inputFile='E:\IdeaProjects\Athana\textOperate\src\main\data\input.txt', outputFile='E:\IdeaProjects\Athana\textOperate\src\main\data\output.txt', inputDelimiter=',', outputDelimiter='|', columns=[ColumnOperationConfig{columnIndex=1, operations=[OperationConfig{type=HASH, params={algorithm=SHA-256, key=}}]}, ColumnOperationConfig{columnIndex=2, operations=[OperationConfig{type=REGEX_REPLACE, params={regex=\d{3}-\d{4}, replacement=****-****}}]}, ColumnOperationConfig{columnIndex=3, operations=[OperationConfig{type=SUBSTRING, params={start=3, end=8}}]}, ColumnOperationConfig{columnIndex=4, operations=[OperationConfig{type=SUBSTRING, params={start=1, end=6}}]}, ColumnOperationConfig{columnIndex=5, operations=[OperationConfig{type=ENCRYPT, params={method=AES, key=hljydydhbz_sjjm@}}]}, ColumnOperationConfig{columnIndex=6, operations=[OperationConfig{type=TIME_CONVERT, params={inputFormat=yyyyMMddHHmmss, outputFormat=MS}}]}]}
2024-12-19 15:31:36 INFO  com.datacolumnoperate.utils.FileProcessor - Starting file processing: E:\IdeaProjects\Athana\textOperate\src\main\data\input.txt -> E:\IdeaProjects\Athana\textOperate\src\main\data\output.txt
2024-12-19 15:31:39 INFO  com.datacolumnoperate.utils.FileProcessor - File processing completed. Total lines processed: 1
2024-12-19 15:31:39 INFO  com.datacolumnoperate.ColumnOperate - File processing completed successfully.
2024-12-19 15:46:15 INFO  com.datacolumnoperate.ColumnOperate - Loading configuration from E:\IdeaProjects\Athana\textOperate\src\main\resources\config.json
2024-12-19 15:46:16 INFO  com.datacolumnoperate.ColumnOperate - Configuration loaded: Config{inputFile='E:\IdeaProjects\Athana\textOperate\src\main\data\input.txt', outputFile='E:\IdeaProjects\Athana\textOperate\src\main\data\output.txt', inputDelimiter=',', outputDelimiter='|', columns=[ColumnOperationConfig{columnIndex=1, operations=[OperationConfig{type=HASH, params={algorithm=SHA-256, key=}}]}, ColumnOperationConfig{columnIndex=2, operations=[OperationConfig{type=REGEX_REPLACE, params={regex=\d{3}-\d{4}, replacement=****-****}}]}, ColumnOperationConfig{columnIndex=3, operations=[OperationConfig{type=SUBSTRING, params={start=3, end=8}}]}, ColumnOperationConfig{columnIndex=4, operations=[OperationConfig{type=SUBSTRING, params={start=1, end=6}}]}, ColumnOperationConfig{columnIndex=5, operations=[OperationConfig{type=ENCRYPT, params={method=AES, key=hljydydhbz_sjjm@}}]}, ColumnOperationConfig{columnIndex=6, operations=[OperationConfig{type=TIME_CONVERT, params={inputFormat=yyyyMMddHHmmss, outputFormat=MS}}]}]}
2024-12-19 15:46:16 INFO  com.datacolumnoperate.utils.FileProcessor - Starting file processing: E:\IdeaProjects\Athana\textOperate\src\main\data\input.txt -> E:\IdeaProjects\Athana\textOperate\src\main\data\output.txt
2024-12-19 15:46:19 ERROR com.datacolumnoperate.utils.FileProcessor - Line 1: Error processing column index 4 with value '12345678911'. Operation: ENCRYPT
java.lang.RuntimeException: Encryption operation failed.
	at com.datacolumnoperate.operations.EncryptOperation.execute(EncryptOperation.java:102) ~[classes/:?]
	at com.datacolumnoperate.utils.FileProcessor.process(FileProcessor.java:75) [classes/:?]
	at com.datacolumnoperate.ColumnOperate.main(ColumnOperate.java:60) [classes/:?]
Caused by: java.security.InvalidAlgorithmParameterException: ECB mode cannot use IV
	at com.sun.crypto.provider.CipherCore.init(CipherCore.java:544) ~[sunjce_provider.jar:1.8.0_112]
	at com.sun.crypto.provider.AESCipher.engineInit(AESCipher.java:346) ~[sunjce_provider.jar:1.8.0_112]
	at javax.crypto.Cipher.implInit(Cipher.java:806) ~[?:1.8.0_121]
	at javax.crypto.Cipher.chooseProvider(Cipher.java:864) ~[?:1.8.0_121]
	at javax.crypto.Cipher.init(Cipher.java:1396) ~[?:1.8.0_121]
	at javax.crypto.Cipher.init(Cipher.java:1327) ~[?:1.8.0_121]
	at com.datacolumnoperate.operations.EncryptOperation.execute(EncryptOperation.java:67) ~[classes/:?]
	... 2 more
2024-12-19 15:46:19 INFO  com.datacolumnoperate.utils.FileProcessor - File processing completed. Total lines processed: 1
2024-12-19 15:46:19 INFO  com.datacolumnoperate.ColumnOperate - File processing completed successfully.
2024-12-19 15:52:33 INFO  com.datacolumnoperate.ColumnOperate - Loading configuration from E:\IdeaProjects\Athana\textOperate\src\main\resources\config.json
2024-12-19 15:52:33 INFO  com.datacolumnoperate.ColumnOperate - Configuration loaded: Config{inputFile='E:\IdeaProjects\Athana\textOperate\src\main\data\input.txt', outputFile='E:\IdeaProjects\Athana\textOperate\src\main\data\output.txt', inputDelimiter=',', outputDelimiter='|', columns=[ColumnOperationConfig{columnIndex=1, operations=[OperationConfig{type=HASH, params={algorithm=SHA-256, key=}}]}, ColumnOperationConfig{columnIndex=2, operations=[OperationConfig{type=REGEX_REPLACE, params={regex=\d{3}-\d{4}, replacement=****-****}}]}, ColumnOperationConfig{columnIndex=3, operations=[OperationConfig{type=SUBSTRING, params={start=3, end=8}}]}, ColumnOperationConfig{columnIndex=4, operations=[OperationConfig{type=SUBSTRING, params={start=1, end=6}}]}, ColumnOperationConfig{columnIndex=5, operations=[OperationConfig{type=ENCRYPT, params={method=AES, key=hljydydhbz_sjjm@}}]}, ColumnOperationConfig{columnIndex=6, operations=[OperationConfig{type=TIME_CONVERT, params={inputFormat=yyyyMMddHHmmss, outputFormat=MS}}]}]}
2024-12-19 15:52:34 INFO  com.datacolumnoperate.utils.FileProcessor - Starting file processing: E:\IdeaProjects\Athana\textOperate\src\main\data\input.txt -> E:\IdeaProjects\Athana\textOperate\src\main\data\output.txt
2024-12-19 15:52:36 INFO  com.datacolumnoperate.utils.FileProcessor - File processing completed. Total lines processed: 1
2024-12-19 15:52:36 INFO  com.datacolumnoperate.ColumnOperate - File processing completed successfully.
